2025-06-21 23:22:40,834 - pretrain - INFO - Copy the Config file from cfgs/pretrain.yaml to ./pretrain/pretrain/cfgs/alaki/config.yaml
2025-06-21 23:22:40,835 - pretrain - INFO - args.config : cfgs/pretrain.yaml
2025-06-21 23:22:40,835 - pretrain - INFO - args.launcher : none
2025-06-21 23:22:40,835 - pretrain - INFO - args.local_rank : 0
2025-06-21 23:22:40,835 - pretrain - INFO - args.num_workers : 24
2025-06-21 23:22:40,835 - pretrain - INFO - args.seed : 0
2025-06-21 23:22:40,835 - pretrain - INFO - args.deterministic : False
2025-06-21 23:22:40,835 - pretrain - INFO - args.sync_bn : False
2025-06-21 23:22:40,836 - pretrain - INFO - args.exp_name : alaki
2025-06-21 23:22:40,836 - pretrain - INFO - args.loss : cd1
2025-06-21 23:22:40,836 - pretrain - INFO - args.start_ckpts : None
2025-06-21 23:22:40,836 - pretrain - INFO - args.ckpts : None
2025-06-21 23:22:40,836 - pretrain - INFO - args.val_freq : 1
2025-06-21 23:22:40,836 - pretrain - INFO - args.vote : False
2025-06-21 23:22:40,836 - pretrain - INFO - args.resume : False
2025-06-21 23:22:40,836 - pretrain - INFO - args.test : False
2025-06-21 23:22:40,836 - pretrain - INFO - args.finetune_model : True
2025-06-21 23:22:40,836 - pretrain - INFO - args.scratch_model : False
2025-06-21 23:22:40,836 - pretrain - INFO - args.mode : None
2025-06-21 23:22:40,837 - pretrain - INFO - args.way : -1
2025-06-21 23:22:40,837 - pretrain - INFO - args.shot : -1
2025-06-21 23:22:40,837 - pretrain - INFO - args.fold : -1
2025-06-21 23:22:40,837 - pretrain - INFO - args.experiment_path : ./pretrain/pretrain/cfgs/alaki
2025-06-21 23:22:40,837 - pretrain - INFO - args.tfboard_path : ./pretrain/pretrain/cfgs/TFBoard/alaki
2025-06-21 23:22:40,837 - pretrain - INFO - args.log_name : pretrain
2025-06-21 23:22:40,837 - pretrain - INFO - args.use_gpu : True
2025-06-21 23:22:40,837 - pretrain - INFO - args.distributed : False
2025-06-21 23:22:40,837 - pretrain - INFO - config.optimizer = edict()
2025-06-21 23:22:40,837 - pretrain - INFO - config.optimizer.type : AdamW
2025-06-21 23:22:40,838 - pretrain - INFO - config.optimizer.kwargs = edict()
2025-06-21 23:22:40,838 - pretrain - INFO - config.optimizer.kwargs.lr : 0.001
2025-06-21 23:22:40,838 - pretrain - INFO - config.optimizer.kwargs.weight_decay : 0.05
2025-06-21 23:22:40,838 - pretrain - INFO - config.scheduler = edict()
2025-06-21 23:22:40,838 - pretrain - INFO - config.scheduler.type : CosLR
2025-06-21 23:22:40,838 - pretrain - INFO - config.scheduler.kwargs = edict()
2025-06-21 23:22:40,838 - pretrain - INFO - config.scheduler.kwargs.epochs : 300
2025-06-21 23:22:40,838 - pretrain - INFO - config.scheduler.kwargs.initial_epochs : 10
2025-06-21 23:22:40,838 - pretrain - INFO - config.dataset = edict()
2025-06-21 23:22:40,838 - pretrain - INFO - config.dataset.train = edict()
2025-06-21 23:22:40,839 - pretrain - INFO - config.dataset.train._base_ = edict()
2025-06-21 23:22:40,839 - pretrain - INFO - config.dataset.train._base_.NAME : ShapeNet
2025-06-21 23:22:40,839 - pretrain - INFO - config.dataset.train._base_.DATA_PATH : /export/gauss/vision/Abahri/projects/Point-MAE/Point-MAE-org/Point-MAE/data/ShapeNet55-34/ShapeNet-55
2025-06-21 23:22:40,839 - pretrain - INFO - config.dataset.train._base_.N_POINTS : 1024
2025-06-21 23:22:40,839 - pretrain - INFO - config.dataset.train._base_.PC_PATH : /export/gauss/vision/Abahri/projects/Point-MAE/Point-MAE-org/Point-MAE/data/ShapeNet55-34/shapenet_pc
2025-06-21 23:22:40,839 - pretrain - INFO - config.dataset.train.others = edict()
2025-06-21 23:22:40,839 - pretrain - INFO - config.dataset.train.others.subset : train
2025-06-21 23:22:40,839 - pretrain - INFO - config.dataset.train.others.npoints : 1024
2025-06-21 23:22:40,839 - pretrain - INFO - config.dataset.train.others.bs : 128
2025-06-21 23:22:40,839 - pretrain - INFO - config.dataset.val = edict()
2025-06-21 23:22:40,840 - pretrain - INFO - config.dataset.val._base_ = edict()
2025-06-21 23:22:40,840 - pretrain - INFO - config.dataset.val._base_.NAME : ShapeNet
2025-06-21 23:22:40,840 - pretrain - INFO - config.dataset.val._base_.DATA_PATH : /export/gauss/vision/Abahri/projects/Point-MAE/Point-MAE-org/Point-MAE/data/ShapeNet55-34/ShapeNet-55
2025-06-21 23:22:40,840 - pretrain - INFO - config.dataset.val._base_.N_POINTS : 1024
2025-06-21 23:22:40,840 - pretrain - INFO - config.dataset.val._base_.PC_PATH : /export/gauss/vision/Abahri/projects/Point-MAE/Point-MAE-org/Point-MAE/data/ShapeNet55-34/shapenet_pc
2025-06-21 23:22:40,840 - pretrain - INFO - config.dataset.val.others = edict()
2025-06-21 23:22:40,840 - pretrain - INFO - config.dataset.val.others.subset : test
2025-06-21 23:22:40,840 - pretrain - INFO - config.dataset.val.others.npoints : 1024
2025-06-21 23:22:40,840 - pretrain - INFO - config.dataset.val.others.bs : 256
2025-06-21 23:22:40,840 - pretrain - INFO - config.dataset.test = edict()
2025-06-21 23:22:40,840 - pretrain - INFO - config.dataset.test._base_ = edict()
2025-06-21 23:22:40,841 - pretrain - INFO - config.dataset.test._base_.NAME : ShapeNet
2025-06-21 23:22:40,841 - pretrain - INFO - config.dataset.test._base_.DATA_PATH : /export/gauss/vision/Abahri/projects/Point-MAE/Point-MAE-org/Point-MAE/data/ShapeNet55-34/ShapeNet-55
2025-06-21 23:22:40,841 - pretrain - INFO - config.dataset.test._base_.N_POINTS : 1024
2025-06-21 23:22:40,841 - pretrain - INFO - config.dataset.test._base_.PC_PATH : /export/gauss/vision/Abahri/projects/Point-MAE/Point-MAE-org/Point-MAE/data/ShapeNet55-34/shapenet_pc
2025-06-21 23:22:40,841 - pretrain - INFO - config.dataset.test.others = edict()
2025-06-21 23:22:40,841 - pretrain - INFO - config.dataset.test.others.subset : test
2025-06-21 23:22:40,841 - pretrain - INFO - config.dataset.test.others.npoints : 1024
2025-06-21 23:22:40,841 - pretrain - INFO - config.dataset.test.others.bs : 128
2025-06-21 23:22:40,841 - pretrain - INFO - config.dataset.svm = edict()
2025-06-21 23:22:40,841 - pretrain - INFO - config.dataset.svm.train = edict()
2025-06-21 23:22:40,842 - pretrain - INFO - config.dataset.svm.train._base_ = edict()
2025-06-21 23:22:40,842 - pretrain - INFO - config.dataset.svm.train._base_.NAME : ModelNet40SVM
2025-06-21 23:22:40,842 - pretrain - INFO - config.dataset.svm.train._base_.DATA_PATH : /export/gauss/vision/Abahri/projects/Point-MAE/Point-MAE/data/
2025-06-21 23:22:40,842 - pretrain - INFO - config.dataset.svm.train._base_.N_POINTS : 8192
2025-06-21 23:22:40,842 - pretrain - INFO - config.dataset.svm.train._base_.NUM_CATEGORY : 40
2025-06-21 23:22:40,842 - pretrain - INFO - config.dataset.svm.train._base_.USE_NORMALS : False
2025-06-21 23:22:40,842 - pretrain - INFO - config.dataset.svm.train.others = edict()
2025-06-21 23:22:40,842 - pretrain - INFO - config.dataset.svm.train.others.partition : train
2025-06-21 23:22:40,842 - pretrain - INFO - config.dataset.svm.train.others.num_points : 2048
2025-06-21 23:22:40,842 - pretrain - INFO - config.dataset.svm.val = edict()
2025-06-21 23:22:40,843 - pretrain - INFO - config.dataset.svm.val._base_ = edict()
2025-06-21 23:22:40,843 - pretrain - INFO - config.dataset.svm.val._base_.NAME : ModelNet40SVM
2025-06-21 23:22:40,843 - pretrain - INFO - config.dataset.svm.val._base_.DATA_PATH : /export/gauss/vision/Abahri/projects/Point-MAE/Point-MAE/data/
2025-06-21 23:22:40,843 - pretrain - INFO - config.dataset.svm.val._base_.N_POINTS : 8192
2025-06-21 23:22:40,843 - pretrain - INFO - config.dataset.svm.val._base_.NUM_CATEGORY : 40
2025-06-21 23:22:40,843 - pretrain - INFO - config.dataset.svm.val._base_.USE_NORMALS : False
2025-06-21 23:22:40,843 - pretrain - INFO - config.dataset.svm.val.others = edict()
2025-06-21 23:22:40,843 - pretrain - INFO - config.dataset.svm.val.others.partition : test
2025-06-21 23:22:40,843 - pretrain - INFO - config.dataset.svm.val.others.num_points : 2048
2025-06-21 23:22:40,843 - pretrain - INFO - config.dataset.svm.test = edict()
2025-06-21 23:22:40,844 - pretrain - INFO - config.dataset.svm.test._base_ = edict()
2025-06-21 23:22:40,844 - pretrain - INFO - config.dataset.svm.test._base_.NAME : ModelNet40SVM
2025-06-21 23:22:40,844 - pretrain - INFO - config.dataset.svm.test._base_.DATA_PATH : /export/gauss/vision/Abahri/projects/Point-MAE/Point-MAE/data/
2025-06-21 23:22:40,844 - pretrain - INFO - config.dataset.svm.test._base_.N_POINTS : 8192
2025-06-21 23:22:40,844 - pretrain - INFO - config.dataset.svm.test._base_.NUM_CATEGORY : 40
2025-06-21 23:22:40,844 - pretrain - INFO - config.dataset.svm.test._base_.USE_NORMALS : False
2025-06-21 23:22:40,844 - pretrain - INFO - config.dataset.svm.test.others = edict()
2025-06-21 23:22:40,844 - pretrain - INFO - config.dataset.svm.test.others.partition : test
2025-06-21 23:22:40,844 - pretrain - INFO - config.dataset.svm.test.others.num_points : 2048
2025-06-21 23:22:40,844 - pretrain - INFO - config.model = edict()
2025-06-21 23:22:40,845 - pretrain - INFO - config.model.NAME : Point_MAE_Mamba
2025-06-21 23:22:40,845 - pretrain - INFO - config.model.group_size : 32
2025-06-21 23:22:40,845 - pretrain - INFO - config.model.num_group : 64
2025-06-21 23:22:40,845 - pretrain - INFO - config.model.loss : cdl2
2025-06-21 23:22:40,845 - pretrain - INFO - config.model.transformer_config = edict()
2025-06-21 23:22:40,845 - pretrain - INFO - config.model.transformer_config.mask_ratio : 0.6
2025-06-21 23:22:40,845 - pretrain - INFO - config.model.transformer_config.mask_type : rand
2025-06-21 23:22:40,845 - pretrain - INFO - config.model.transformer_config.trans_dim : 384
2025-06-21 23:22:40,845 - pretrain - INFO - config.model.transformer_config.encoder_dims : 384
2025-06-21 23:22:40,845 - pretrain - INFO - config.model.transformer_config.depth : 12
2025-06-21 23:22:40,845 - pretrain - INFO - config.model.transformer_config.drop_path_rate : 0.1
2025-06-21 23:22:40,845 - pretrain - INFO - config.model.transformer_config.num_heads : 6
2025-06-21 23:22:40,845 - pretrain - INFO - config.model.transformer_config.decoder_depth : 4
2025-06-21 23:22:40,846 - pretrain - INFO - config.model.transformer_config.decoder_num_heads : 6
2025-06-21 23:22:40,846 - pretrain - INFO - config.model.transformer_config.method : smallest_eigenvectors_seperate_learnable_tokens
2025-06-21 23:22:40,846 - pretrain - INFO - config.model.transformer_config.reverse : True
2025-06-21 23:22:40,846 - pretrain - INFO - config.model.transformer_config.knn_graph : 20
2025-06-21 23:22:40,846 - pretrain - INFO - config.model.transformer_config.k_top_eigenvectors : 4
2025-06-21 23:22:40,846 - pretrain - INFO - config.model.transformer_config.smallest : True
2025-06-21 23:22:40,846 - pretrain - INFO - config.model.transformer_config.alpha : 10
2025-06-21 23:22:40,846 - pretrain - INFO - config.model.transformer_config.symmetric : True
2025-06-21 23:22:40,846 - pretrain - INFO - config.model.transformer_config.self_loop : False
2025-06-21 23:22:40,846 - pretrain - INFO - config.model.transformer_config.binary : True
2025-06-21 23:22:40,846 - pretrain - INFO - config.model.rms_norm : False
2025-06-21 23:22:40,846 - pretrain - INFO - config.model.use_cls_token : False
2025-06-21 23:22:40,846 - pretrain - INFO - config.model.drop_path : 0.1
2025-06-21 23:22:40,847 - pretrain - INFO - config.model.drop_out : 0.1
2025-06-21 23:22:40,847 - pretrain - INFO - config.npoints : 1024
2025-06-21 23:22:40,847 - pretrain - INFO - config.total_bs : 128
2025-06-21 23:22:40,847 - pretrain - INFO - config.step_per_update : 1
2025-06-21 23:22:40,847 - pretrain - INFO - config.max_epoch : 300
2025-06-21 23:22:40,847 - pretrain - INFO - Distributed training: False
2025-06-21 23:22:40,847 - pretrain - INFO - Set random seed to 0, deterministic: False
